{
  "stats": {
    "suites": 1,
    "tests": 2,
    "passes": 2,
    "pending": 0,
    "failures": 0,
    "start": "2024-03-05T04:08:00.730Z",
    "end": "2024-03-05T04:08:35.870Z",
    "duration": 35140,
    "testsRegistered": 2,
    "passPercent": 100,
    "pendingPercent": 0,
    "other": 0,
    "hasOther": false,
    "skipped": 0,
    "hasSkipped": false
  },
  "results": [
    {
      "uuid": "7e900e63-1745-41ec-a457-b473d744d86a",
      "title": "",
      "fullFile": "cypress\\e2e\\login.cy.js",
      "file": "cypress\\e2e\\login.cy.js",
      "beforeHooks": [],
      "afterHooks": [],
      "tests": [],
      "suites": [
        {
          "uuid": "6966e39c-5c52-4ad8-84ac-a1665ba5f0b6",
          "title": "Login Page",
          "fullFile": "",
          "file": "",
          "beforeHooks": [],
          "afterHooks": [],
          "tests": [
            {
              "title": "Login as Valid Username",
              "fullTitle": "Login Page Login as Valid Username",
              "timedOut": null,
              "duration": 19043,
              "state": "passed",
              "speed": "slow",
              "pass": true,
              "fail": false,
              "pending": false,
              "context": "[\n  \"assets/images/login.cy.js/Login Page -- Login as Valid Username.png\",\n  \"assets/videos/login.cy.js.mp4\"\n]",
              "code": "cy.xpath(\"//input[@id='user-name']\").type(\"standard_user\");\ncy.wait(3000);\ncy.xpath(\"//input[@id='password']\").type(\"secret_sauce\");\ncy.wait(3000);\ncy.xpath(\"//input[@id='login-button']\").click();\ncy.contains(\"Products\").should('be.visible');\ncy.screenshot();\ncy.wait(5000);",
              "err": {},
              "uuid": "5af179a9-0517-4da3-87ce-828fd344183c",
              "parentUUID": "6966e39c-5c52-4ad8-84ac-a1665ba5f0b6",
              "isHook": false,
              "skipped": false
            },
            {
              "title": "Login as Invalid Username",
              "fullTitle": "Login Page Login as Invalid Username",
              "timedOut": null,
              "duration": 16013,
              "state": "passed",
              "speed": "slow",
              "pass": true,
              "fail": false,
              "pending": false,
              "context": "[\n  \"assets/images/login.cy.js/Login Page -- Login as Invalid Username.png\",\n  \"assets/videos/login.cy.js.mp4\"\n]",
              "code": "cy.xpath(\"//input[@id='user-name']\").type(\"standard_user1\");\ncy.wait(3000);\ncy.xpath(\"//input[@id='password']\").type(\"secret_sauce\");\ncy.wait(3000);\ncy.xpath(\"//input[@id='login-button']\").click();\ncy.xpath(\"//h3[contains(text(),'Epic sadface: Username and password do not match a')]\").should('have.text', \"Epic sadface: Username and password do not match any user in this service\");\ncy.screenshot();\ncy.wait(5000);",
              "err": {},
              "uuid": "ce9fc49a-0a67-4287-b18f-f8bdf980dc25",
              "parentUUID": "6966e39c-5c52-4ad8-84ac-a1665ba5f0b6",
              "isHook": false,
              "skipped": false
            }
          ],
          "suites": [],
          "passes": [
            "5af179a9-0517-4da3-87ce-828fd344183c",
            "ce9fc49a-0a67-4287-b18f-f8bdf980dc25"
          ],
          "failures": [],
          "pending": [],
          "skipped": [],
          "duration": 35056,
          "root": false,
          "rootEmpty": false,
          "_timeout": 2000
        }
      ],
      "passes": [],
      "failures": [],
      "pending": [],
      "skipped": [],
      "duration": 0,
      "root": true,
      "rootEmpty": true,
      "_timeout": 2000
    }
  ],
  "meta": {
    "mocha": {
      "version": "7.0.1"
    },
    "mochawesome": {
      "options": {
        "quiet": false,
        "reportFilename": "Saucedemo-report",
        "saveHtml": true,
        "saveJson": true,
        "consoleReporter": "spec",
        "useInlineDiffs": false,
        "code": true
      },
      "version": "7.1.3"
    },
    "marge": {
      "options": {
        "reportDir": "cypress/mochawesomeresults",
        "reportFilename": "Saucedemo-report",
        "reportPageTitle": "Cypress-Web-Saucedemo",
        "overwrite": false,
        "html": true,
        "json": true
      },
      "version": "6.2.0"
    }
  }
}