{
  "stats": {
    "suites": 1,
    "tests": 2,
    "passes": 2,
    "pending": 0,
    "failures": 0,
    "start": "2024-03-05T08:25:56.373Z",
    "end": "2024-03-05T08:26:30.161Z",
    "duration": 33788,
    "testsRegistered": 2,
    "passPercent": 100,
    "pendingPercent": 0,
    "other": 0,
    "hasOther": false,
    "skipped": 0,
    "hasSkipped": false
  },
  "results": [
    {
      "uuid": "5c4b0ad0-c18a-4560-8180-cfbd2d425db2",
      "title": "",
      "fullFile": "cypress\\e2e\\login.cy.js",
      "file": "cypress\\e2e\\login.cy.js",
      "beforeHooks": [],
      "afterHooks": [],
      "tests": [],
      "suites": [
        {
          "uuid": "7d00f0fb-6c86-4659-b899-4c48aafde5ee",
          "title": "Login Page",
          "fullFile": "",
          "file": "",
          "beforeHooks": [],
          "afterHooks": [],
          "tests": [
            {
              "title": "Login as Valid Username",
              "fullTitle": "Login Page Login as Valid Username",
              "timedOut": null,
              "duration": 18054,
              "state": "passed",
              "speed": "slow",
              "pass": true,
              "fail": false,
              "pending": false,
              "context": "[\n  \"assets/images/login.cy.js/Login Page -- Login as Valid Username.png\",\n  \"assets/videos/login.cy.js.mp4\"\n]",
              "code": "cy.xpath(\"//input[@id='user-name']\").type(\"standard_user\");\ncy.wait(3000);\ncy.xpath(\"//input[@id='password']\").type(\"secret_sauce\");\ncy.wait(3000);\ncy.xpath(\"//input[@id='login-button']\").click();\ncy.contains(\"Products\").should('be.visible');\ncy.screenshot();\ncy.wait(5000);",
              "err": {},
              "uuid": "f213a9b7-99b1-47a2-b1cf-fe56b1f1750b",
              "parentUUID": "7d00f0fb-6c86-4659-b899-4c48aafde5ee",
              "isHook": false,
              "skipped": false
            },
            {
              "title": "Login as Invalid Username",
              "fullTitle": "Login Page Login as Invalid Username",
              "timedOut": null,
              "duration": 15685,
              "state": "passed",
              "speed": "slow",
              "pass": true,
              "fail": false,
              "pending": false,
              "context": "[\n  \"assets/images/login.cy.js/Login Page -- Login as Invalid Username.png\",\n  \"assets/videos/login.cy.js.mp4\"\n]",
              "code": "cy.xpath(\"//input[@id='user-name']\").type(\"standard_user1\");\ncy.wait(3000);\ncy.xpath(\"//input[@id='password']\").type(\"secret_sauce\");\ncy.wait(3000);\ncy.xpath(\"//input[@id='login-button']\").click();\ncy.xpath(\"//h3[contains(text(),'Epic sadface: Username and password do not match a')]\").should('have.text', \"Epic sadface: Username and password do not match any user in this service\");\ncy.screenshot();\ncy.wait(5000);",
              "err": {},
              "uuid": "3338d7cd-c123-417c-9005-5fe3f76e7082",
              "parentUUID": "7d00f0fb-6c86-4659-b899-4c48aafde5ee",
              "isHook": false,
              "skipped": false
            }
          ],
          "suites": [],
          "passes": [
            "f213a9b7-99b1-47a2-b1cf-fe56b1f1750b",
            "3338d7cd-c123-417c-9005-5fe3f76e7082"
          ],
          "failures": [],
          "pending": [],
          "skipped": [],
          "duration": 33739,
          "root": false,
          "rootEmpty": false,
          "_timeout": 2000
        }
      ],
      "passes": [],
      "failures": [],
      "pending": [],
      "skipped": [],
      "duration": 0,
      "root": true,
      "rootEmpty": true,
      "_timeout": 2000
    }
  ],
  "meta": {
    "mocha": {
      "version": "7.0.1"
    },
    "mochawesome": {
      "options": {
        "quiet": false,
        "reportFilename": "Saucedemo-report",
        "saveHtml": true,
        "saveJson": true,
        "consoleReporter": "spec",
        "useInlineDiffs": false,
        "code": true
      },
      "version": "7.1.3"
    },
    "marge": {
      "options": {
        "reportDir": "cypress/mochawesomeresults",
        "reportFilename": "Saucedemo-report",
        "reportPageTitle": "Cypress-Web-Saucedemo",
        "overwrite": false,
        "html": true,
        "json": true
      },
      "version": "6.2.0"
    }
  }
}