{
  "stats": {
    "suites": 1,
    "tests": 2,
    "passes": 2,
    "pending": 0,
    "failures": 0,
    "start": "2024-03-04T07:41:14.187Z",
    "end": "2024-03-04T07:41:48.797Z",
    "duration": 34610,
    "testsRegistered": 2,
    "passPercent": 100,
    "pendingPercent": 0,
    "other": 0,
    "hasOther": false,
    "skipped": 0,
    "hasSkipped": false
  },
  "results": [
    {
      "uuid": "6c0b4d63-e398-4db3-9d36-6ea0dd803c21",
      "title": "",
      "fullFile": "cypress\\e2e\\login.cy.js",
      "file": "cypress\\e2e\\login.cy.js",
      "beforeHooks": [],
      "afterHooks": [],
      "tests": [],
      "suites": [
        {
          "uuid": "470e2d9b-d077-4f80-9abc-d5630667cc94",
          "title": "Login Page",
          "fullFile": "",
          "file": "",
          "beforeHooks": [],
          "afterHooks": [],
          "tests": [
            {
              "title": "Login as Valid Username",
              "fullTitle": "Login Page Login as Valid Username",
              "timedOut": null,
              "duration": 18678,
              "state": "passed",
              "speed": "slow",
              "pass": true,
              "fail": false,
              "pending": false,
              "context": "[\n  \"assets/images/login.cy.js/Login Page -- Login as Valid Username.png\",\n  \"assets/videos/login.cy.js.mp4\"\n]",
              "code": "cy.xpath(\"//input[@id='user-name']\").type(\"standard_user\");\ncy.wait(3000);\ncy.xpath(\"//input[@id='password']\").type(\"secret_sauce\");\ncy.wait(3000);\ncy.xpath(\"//input[@id='login-button']\").click();\ncy.contains(\"Products\").should('be.visible');\ncy.screenshot();\ncy.wait(5000);",
              "err": {},
              "uuid": "542e8731-c2be-4b4c-a9df-7c91afe7139f",
              "parentUUID": "470e2d9b-d077-4f80-9abc-d5630667cc94",
              "isHook": false,
              "skipped": false
            },
            {
              "title": "Login as Invalid Username",
              "fullTitle": "Login Page Login as Invalid Username",
              "timedOut": null,
              "duration": 15830,
              "state": "passed",
              "speed": "slow",
              "pass": true,
              "fail": false,
              "pending": false,
              "context": "[\n  \"assets/images/login.cy.js/Login Page -- Login as Invalid Username.png\",\n  \"assets/videos/login.cy.js.mp4\"\n]",
              "code": "cy.xpath(\"//input[@id='user-name']\").type(\"standard_user1\");\ncy.wait(3000);\ncy.xpath(\"//input[@id='password']\").type(\"secret_sauce\");\ncy.wait(3000);\ncy.xpath(\"//input[@id='login-button']\").click();\ncy.xpath(\"//h3[contains(text(),'Epic sadface: Username and password do not match a')]\").should('have.text', \"Epic sadface: Username and password do not match any user in this service\");\ncy.screenshot();\ncy.wait(5000);",
              "err": {},
              "uuid": "a05b6444-14e5-4bc6-bd90-d0af1b4a834b",
              "parentUUID": "470e2d9b-d077-4f80-9abc-d5630667cc94",
              "isHook": false,
              "skipped": false
            }
          ],
          "suites": [],
          "passes": [
            "542e8731-c2be-4b4c-a9df-7c91afe7139f",
            "a05b6444-14e5-4bc6-bd90-d0af1b4a834b"
          ],
          "failures": [],
          "pending": [],
          "skipped": [],
          "duration": 34508,
          "root": false,
          "rootEmpty": false,
          "_timeout": 2000
        }
      ],
      "passes": [],
      "failures": [],
      "pending": [],
      "skipped": [],
      "duration": 0,
      "root": true,
      "rootEmpty": true,
      "_timeout": 2000
    }
  ],
  "meta": {
    "mocha": {
      "version": "7.0.1"
    },
    "mochawesome": {
      "options": {
        "quiet": false,
        "reportFilename": "Saucedemo-report",
        "saveHtml": true,
        "saveJson": true,
        "consoleReporter": "spec",
        "useInlineDiffs": false,
        "code": true
      },
      "version": "7.1.3"
    },
    "marge": {
      "options": {
        "reportDir": "cypress/mochawesomeresults",
        "reportFilename": "Saucedemo-report",
        "reportPageTitle": "Cypress-Web-Saucedemo",
        "overwrite": false,
        "html": true,
        "json": true
      },
      "version": "6.2.0"
    }
  }
}